Arguments: 
  /opt/homebrew/Cellar/node/19.3.0/bin/node /opt/homebrew/bin/yarn

PATH: 
  /opt/homebrew/bin:/opt/homebrew/sbin:/usr/local/bin:/System/Cryptexes/App/usr/bin:/usr/bin:/bin:/usr/sbin:/sbin:/Library/Apple/usr/bin

Yarn version: 
  1.22.19

Node version: 
  19.3.0

Platform: 
  darwin arm64

Trace: 
  Error: getaddrinfo ENOTFOUND registry.yarnpkg.com
      at GetAddrInfoReqWrap.onlookup [as oncomplete] (node:dns:107:26)

npm manifest: 
  {
    "name": "@codingnomad/eslint-config-cn",
    "version": "0.1.0",
    "main": "index.js",
    "repository": "github:codingnomad-com/eslint-config-cn",
    "author": "Manuel Bachl | Coding Nomad <manuel@coding-nomad.com> (https://coding-nomad.com)",
    "homepage": "https://coding-nomad.com",
    "license": "MIT",
    "dependencies": {
      "@typescript-eslint/eslint-plugin": "^5.47.0",
      "@typescript-eslint/parser": "^5.47.0",
      "eslint": "^8.30.0",
      "eslint-config-airbnb": "19.0.4",
      "eslint-config-airbnb-base": "^15.0.0",
      "eslint-config-prettier": "^8.5.0",
      "eslint-plugin-import": "^2.26.0",
      "eslint-plugin-jest": "^27.1.7",
      "eslint-plugin-jsx-a11y": "^6.6.1",
      "eslint-plugin-prettier": "^4.2.1",
      "eslint-plugin-react": "^7.31.11",
      "eslint-plugin-react-hooks": "^4.6.0",
      "eslint-plugin-sonarjs": "^0.17.0",
      "eslint-plugin-typescript-sort-keys": "^2.1.0",
      "eslint-plugin-unused-imports": "^2.0.0",
      "jest": "^29.3.1",
      "prettier": "^2.8.1"
    },
    "publishConfig": {
      "access": "public"
    }
  }

yarn manifest: 
  No manifest

Lockfile: 
  No lockfile
